<?xml version="1.0" encoding="UTF-8"?>
<!-- Generated by org.testng.reporters.JUnitReportReporter -->
<testsuite hostname="TXHYD_LAP_137" failures="0" tests="1" name="globeOnline_HPW.Notifyme_LTEAdvanced" time="104.350" errors="0" timestamp="25 Jul 2022 11:41:32 GMT">
  <testcase classname="globeOnline_HPW.Notifyme_LTEAdvanced" name="notifyMeLTEAdvanced" time="104.350"/>
</testsuite> <!-- globeOnline_HPW.Notifyme_LTEAdvanced -->
