<?xml version="1.0" encoding="UTF-8"?>
<!-- Generated by org.testng.reporters.JUnitReportReporter -->
<testsuite hostname="TXHYD_LAP_137" failures="0" tests="1" name="globeOnline_FTA.NotifyMe_Acqui" time="46.809" errors="0" timestamp="26 Jul 2022 12:29:11 GMT">
  <testcase classname="globeOnline_FTA.NotifyMe_Acqui" name="notifyMeAcqui" time="46.809"/>
</testsuite> <!-- globeOnline_FTA.NotifyMe_Acqui -->
