<?xml version="1.0" encoding="UTF-8"?>
<!-- Generated by org.testng.reporters.JUnitReportReporter -->
<testsuite hostname="TXHYD-LAP-122" failures="0" tests="1" name="globeOnline_ADA.ADA6" time="1232.425" errors="0" timestamp="2022-12-09T12:11:39 IST" skipped="0">
  <testcase classname="globeOnline_ADA.ADA6" name="ADA6Scenario" time="1232.425"/>
  <system-out/>
</testsuite> <!-- globeOnline_ADA.ADA6 -->
