<?xml version="1.0" encoding="UTF-8"?>
<!-- Generated by org.testng.reporters.JUnitReportReporter -->
<testsuite hostname="TXHYD_LAP_137" failures="0" tests="1" name="globeOnline_deviceGallery.DeviceGallery_Scn3" time="112.951" errors="0" timestamp="2022-11-13T19:49:35 IST" skipped="0">
  <testcase classname="globeOnline_deviceGallery.DeviceGallery_Scn3" name="deviceGallery1799" time="112.951"/>
  <system-out/>
</testsuite> <!-- globeOnline_deviceGallery.DeviceGallery_Scn3 -->
