<?xml version="1.0" encoding="UTF-8"?>
<!-- Generated by org.testng.reporters.JUnitReportReporter -->
<testsuite hostname="TXHYD-LAP-122" failures="0" tests="1" name="globeOnline_Magento.Magento" time="211.561" errors="0" timestamp="2022-12-09T12:21:53 IST" skipped="0">
  <testcase classname="globeOnline_Magento.Magento" name="MagentoScenario" time="211.561"/>
  <system-out/>
</testsuite> <!-- globeOnline_Magento.Magento -->
